<?xml version="1.0" encoding="UTF-8"?>
<!-- Generated by org.testng.reporters.JUnitXMLReporter -->
<testsuite ignored="0" hostname="DESKTOP-738V56C" failures="0" tests="8" name="Default test" time="27.961" errors="0" timestamp="2023-07-05T15:54:27 IST">
  <testcase classname="api.test.DataDrivenTest" name="testpostrequest" time="7.104"/>
  <testcase classname="api.test.DataDrivenTest" name="testpostrequest" time="2.314"/>
  <testcase classname="api.test.DataDrivenTest" name="testpostrequest" time="2.473"/>
  <testcase classname="api.test.DataDrivenTest" name="testpostrequest" time="1.922"/>
  <testcase classname="api.test.DataDrivenTest" name="testGetUser" time="2.13"/>
  <testcase classname="api.test.DataDrivenTest" name="testGetUser" time="1.913"/>
  <testcase classname="api.test.DataDrivenTest" name="testGetUser" time="2.746"/>
  <testcase classname="api.test.DataDrivenTest" name="testGetUser" time="2.227"/>
</testsuite> <!-- Default test -->
