<?xml version="1.0" encoding="UTF-8"?>
<!-- Generated by org.testng.reporters.JUnitXMLReporter -->
<testsuite ignored="0" hostname="DESKTOP-738V56C" failures="0" tests="4" name="Test" time="12.735" errors="0" timestamp="2023-07-05T16:14:44 IST">
  <testcase classname="api.test.Usertests" name="testpostusers" time="6.546"/>
  <testcase classname="api.test.Usertests" name="TestGetUserByName" time="1.706"/>
  <testcase classname="api.test.Usertests" name="UpdateUser" time="1.605"/>
  <testcase classname="api.test.Usertests" name="DeleteTheUser" time="1.438"/>
</testsuite> <!-- Test -->
