<?xml version="1.0" encoding="UTF-8"?>
<testng-results ignored="0" total="4" passed="4" failed="0" skipped="0">
  <reporter-output>
  </reporter-output>
  <suite started-at="2023-07-05T16:14:30 IST" name="Suite" finished-at="2023-07-05T16:14:43 IST" duration-ms="12735">
    <groups>
    </groups>
    <test started-at="2023-07-05T16:14:30 IST" name="Test" finished-at="2023-07-05T16:14:43 IST" duration-ms="12735">
      <class name="api.test.Usertests">
        <test-method is-config="true" signature="setupData()[pri:0, instance:api.test.Usertests@e350b40]" started-at="2023-07-05T16:14:31 IST" name="setupData" finished-at="2023-07-05T16:14:31 IST" duration-ms="571" status="PASS">
          <reporter-output>
          </reporter-output>
        </test-method> <!-- setupData -->
        <test-method signature="testpostusers()[pri:1, instance:api.test.Usertests@e350b40]" started-at="2023-07-05T16:14:31 IST" name="testpostusers" finished-at="2023-07-05T16:14:38 IST" duration-ms="6546" status="PASS">
          <reporter-output>
          </reporter-output>
        </test-method> <!-- testpostusers -->
        <test-method signature="TestGetUserByName()[pri:2, instance:api.test.Usertests@e350b40]" started-at="2023-07-05T16:14:38 IST" name="TestGetUserByName" finished-at="2023-07-05T16:14:40 IST" duration-ms="1706" status="PASS">
          <reporter-output>
          </reporter-output>
        </test-method> <!-- TestGetUserByName -->
        <test-method signature="UpdateUser()[pri:3, instance:api.test.Usertests@e350b40]" started-at="2023-07-05T16:14:40 IST" name="UpdateUser" finished-at="2023-07-05T16:14:41 IST" duration-ms="1605" status="PASS">
          <reporter-output>
          </reporter-output>
        </test-method> <!-- UpdateUser -->
        <test-method signature="DeleteTheUser()[pri:4, instance:api.test.Usertests@e350b40]" started-at="2023-07-05T16:14:41 IST" name="DeleteTheUser" finished-at="2023-07-05T16:14:43 IST" duration-ms="1438" status="PASS">
          <reporter-output>
          </reporter-output>
        </test-method> <!-- DeleteTheUser -->
      </class> <!-- api.test.Usertests -->
    </test> <!-- Test -->
  </suite> <!-- Suite -->
</testng-results>
